{"/Users/fleurkernevez/Desktop/documents/Ynov/cicd/cicd-groupe/cicd-ynov-groupe/app.js": {"path":"/Users/fleurkernevez/Desktop/documents/Ynov/cicd/cicd-groupe/cicd-ynov-groupe/app.js","statementMap":{"0":{"start":{"line":12,"column":16},"end":{"line":12,"column":34}},"1":{"start":{"line":13,"column":13},"end":{"line":13,"column":28}},"2":{"start":{"line":14,"column":15},"end":{"line":14,"column":32}},"3":{"start":{"line":16,"column":13},"end":{"line":16,"column":37}},"4":{"start":{"line":17,"column":17},"end":{"line":17,"column":45}},"5":{"start":{"line":18,"column":29},"end":{"line":18,"column":49}},"6":{"start":{"line":20,"column":0},"end":{"line":20,"column":16}},"7":{"start":{"line":22,"column":12},"end":{"line":22,"column":21}},"8":{"start":{"line":23,"column":15},"end":{"line":23,"column":31}},"9":{"start":{"line":29,"column":23},"end":{"line":34,"column":1}},"10":{"start":{"line":41,"column":20},"end":{"line":53,"column":1}},"11":{"start":{"line":43,"column":4},"end":{"line":47,"column":5}},"12":{"start":{"line":44,"column":6},"end":{"line":44,"column":27}},"13":{"start":{"line":46,"column":6},"end":{"line":46,"column":49}},"14":{"start":{"line":56,"column":0},"end":{"line":56,"column":27}},"15":{"start":{"line":60,"column":0},"end":{"line":60,"column":36}},"16":{"start":{"line":61,"column":0},"end":{"line":61,"column":24}},"17":{"start":{"line":67,"column":0},"end":{"line":67,"column":52}},"18":{"start":{"line":67,"column":27},"end":{"line":67,"column":50}},"19":{"start":{"line":78,"column":0},"end":{"line":85,"column":3}},"20":{"start":{"line":79,"column":2},"end":{"line":84,"column":3}},"21":{"start":{"line":80,"column":18},"end":{"line":80,"column":37}},"22":{"start":{"line":81,"column":4},"end":{"line":81,"column":50}},"23":{"start":{"line":83,"column":4},"end":{"line":83,"column":47}},"24":{"start":{"line":93,"column":0},"end":{"line":100,"column":3}},"25":{"start":{"line":94,"column":2},"end":{"line":99,"column":3}},"26":{"start":{"line":95,"column":17},"end":{"line":95,"column":44}},"27":{"start":{"line":96,"column":4},"end":{"line":96,"column":31}},"28":{"start":{"line":98,"column":4},"end":{"line":98,"column":47}},"29":{"start":{"line":113,"column":0},"end":{"line":129,"column":3}},"30":{"start":{"line":114,"column":2},"end":{"line":128,"column":3}},"31":{"start":{"line":115,"column":28},"end":{"line":115,"column":37}},"32":{"start":{"line":116,"column":17},"end":{"line":116,"column":19}},"33":{"start":{"line":118,"column":4},"end":{"line":122,"column":5}},"34":{"start":{"line":119,"column":21},"end":{"line":119,"column":63}},"35":{"start":{"line":120,"column":6},"end":{"line":120,"column":81}},"36":{"start":{"line":120,"column":19},"end":{"line":120,"column":81}},"37":{"start":{"line":121,"column":6},"end":{"line":121,"column":33}},"38":{"start":{"line":124,"column":18},"end":{"line":124,"column":45}},"39":{"start":{"line":125,"column":4},"end":{"line":125,"column":36}},"40":{"start":{"line":127,"column":4},"end":{"line":127,"column":47}},"41":{"start":{"line":137,"column":0},"end":{"line":150,"column":3}},"42":{"start":{"line":138,"column":2},"end":{"line":149,"column":3}},"43":{"start":{"line":139,"column":39},"end":{"line":139,"column":47}},"44":{"start":{"line":140,"column":20},"end":{"line":144,"column":6}},"45":{"start":{"line":145,"column":4},"end":{"line":145,"column":25}},"46":{"start":{"line":146,"column":4},"end":{"line":146,"column":41}},"47":{"start":{"line":148,"column":4},"end":{"line":148,"column":47}},"48":{"start":{"line":152,"column":0},"end":{"line":152,"column":26}},"49":{"start":{"line":163,"column":0},"end":{"line":163,"column":62}},"50":{"start":{"line":165,"column":0},"end":{"line":165,"column":21}}},"fnMap":{"0":{"name":"(anonymous_0)","decl":{"start":{"line":42,"column":10},"end":{"line":42,"column":11}},"loc":{"start":{"line":42,"column":38},"end":{"line":48,"column":3}},"line":42},"1":{"name":"(anonymous_1)","decl":{"start":{"line":67,"column":13},"end":{"line":67,"column":14}},"loc":{"start":{"line":67,"column":27},"end":{"line":67,"column":50}},"line":67},"2":{"name":"(anonymous_2)","decl":{"start":{"line":78,"column":18},"end":{"line":78,"column":19}},"loc":{"start":{"line":78,"column":38},"end":{"line":85,"column":1}},"line":78},"3":{"name":"(anonymous_3)","decl":{"start":{"line":93,"column":19},"end":{"line":93,"column":20}},"loc":{"start":{"line":93,"column":39},"end":{"line":100,"column":1}},"line":93},"4":{"name":"(anonymous_4)","decl":{"start":{"line":113,"column":16},"end":{"line":113,"column":17}},"loc":{"start":{"line":113,"column":36},"end":{"line":129,"column":1}},"line":113},"5":{"name":"(anonymous_5)","decl":{"start":{"line":137,"column":17},"end":{"line":137,"column":18}},"loc":{"start":{"line":137,"column":37},"end":{"line":150,"column":1}},"line":137}},"branchMap":{"0":{"loc":{"start":{"line":43,"column":4},"end":{"line":47,"column":5}},"type":"if","locations":[{"start":{"line":43,"column":4},"end":{"line":47,"column":5}},{"start":{"line":45,"column":11},"end":{"line":47,"column":5}}],"line":43},"1":{"loc":{"start":{"line":43,"column":8},"end":{"line":43,"column":50}},"type":"binary-expr","locations":[{"start":{"line":43,"column":8},"end":{"line":43,"column":15}},{"start":{"line":43,"column":19},"end":{"line":43,"column":50}}],"line":43},"2":{"loc":{"start":{"line":118,"column":4},"end":{"line":122,"column":5}},"type":"if","locations":[{"start":{"line":118,"column":4},"end":{"line":122,"column":5}},{"start":{},"end":{}}],"line":118},"3":{"loc":{"start":{"line":120,"column":6},"end":{"line":120,"column":81}},"type":"if","locations":[{"start":{"line":120,"column":6},"end":{"line":120,"column":81}},{"start":{},"end":{}}],"line":120}},"s":{"0":2,"1":2,"2":2,"3":2,"4":2,"5":2,"6":2,"7":2,"8":2,"9":2,"10":2,"11":11,"12":10,"13":1,"14":2,"15":2,"16":2,"17":2,"18":2,"19":2,"20":1,"21":1,"22":1,"23":0,"24":2,"25":1,"26":1,"27":1,"28":0,"29":2,"30":3,"31":3,"32":3,"33":3,"34":1,"35":1,"36":0,"37":1,"38":3,"39":3,"40":0,"41":2,"42":2,"43":2,"44":2,"45":2,"46":2,"47":0,"48":2,"49":2,"50":2},"f":{"0":11,"1":2,"2":1,"3":1,"4":3,"5":2},"b":{"0":[10,1],"1":[11,1],"2":[1,2],"3":[0,1]},"_coverageSchema":"1a1c01bbd47fc00a2c39e90264f33305004495a9","hash":"19d3bea1057f1546435bee7f4f98a5057a4dd6a8"}
,"/Users/fleurkernevez/Desktop/documents/Ynov/cicd/cicd-groupe/cicd-ynov-groupe/swagger.js": {"path":"/Users/fleurkernevez/Desktop/documents/Ynov/cicd/cicd-groupe/cicd-ynov-groupe/swagger.js","statementMap":{"0":{"start":{"line":1,"column":21},"end":{"line":1,"column":45}},"1":{"start":{"line":2,"column":18},"end":{"line":2,"column":47}},"2":{"start":{"line":4,"column":16},"end":{"line":14,"column":1}},"3":{"start":{"line":16,"column":14},"end":{"line":16,"column":35}},"4":{"start":{"line":18,"column":0},"end":{"line":21,"column":2}}},"fnMap":{},"branchMap":{},"s":{"0":2,"1":2,"2":2,"3":2,"4":2},"f":{},"b":{},"_coverageSchema":"1a1c01bbd47fc00a2c39e90264f33305004495a9","hash":"b7d875fe14806d371f72c1cf25b5e27030a57faf"}
,"/Users/fleurkernevez/Desktop/documents/Ynov/cicd/cicd-groupe/cicd-ynov-groupe/models/blogPost.js": {"path":"/Users/fleurkernevez/Desktop/documents/Ynov/cicd/cicd-groupe/cicd-ynov-groupe/models/blogPost.js","statementMap":{"0":{"start":{"line":1,"column":17},"end":{"line":1,"column":36}},"1":{"start":{"line":2,"column":19},"end":{"line":2,"column":27}},"2":{"start":{"line":4,"column":23},"end":{"line":9,"column":2}},"3":{"start":{"line":11,"column":0},"end":{"line":11,"column":60}}},"fnMap":{},"branchMap":{},"s":{"0":2,"1":2,"2":2,"3":2},"f":{},"b":{},"_coverageSchema":"1a1c01bbd47fc00a2c39e90264f33305004495a9","hash":"58501bc95d0144b7c0bf6f99a1a66e4fbf29490d"}
,"/Users/fleurkernevez/Desktop/documents/Ynov/cicd/cicd-groupe/cicd-ynov-groupe/models/user.js": {"path":"/Users/fleurkernevez/Desktop/documents/Ynov/cicd/cicd-groupe/cicd-ynov-groupe/models/user.js","statementMap":{"0":{"start":{"line":1,"column":17},"end":{"line":1,"column":36}},"1":{"start":{"line":2,"column":19},"end":{"line":2,"column":27}},"2":{"start":{"line":4,"column":15},"end":{"line":7,"column":2}},"3":{"start":{"line":9,"column":0},"end":{"line":9,"column":48}}},"fnMap":{},"branchMap":{},"s":{"0":3,"1":3,"2":3,"3":3},"f":{},"b":{},"_coverageSchema":"1a1c01bbd47fc00a2c39e90264f33305004495a9","hash":"6ca5dcc29f60d490849ff60fe9a9b5fe9e06cdf4"}
}
