{"C:\\Users\\Anna\\Desktop\\cicd_projet_groupe\\app.js": {"path":"C:\\Users\\Anna\\Desktop\\cicd_projet_groupe\\app.js","statementMap":{"0":{"start":{"line":1,"column":17},"end":{"line":1,"column":36}},"1":{"start":{"line":2,"column":15},"end":{"line":2,"column":32}},"2":{"start":{"line":3,"column":16},"end":{"line":3,"column":34}},"3":{"start":{"line":4,"column":13},"end":{"line":4,"column":28}},"4":{"start":{"line":6,"column":13},"end":{"line":6,"column":37}},"5":{"start":{"line":7,"column":17},"end":{"line":7,"column":45}},"6":{"start":{"line":8,"column":29},"end":{"line":8,"column":49}},"7":{"start":{"line":10,"column":15},"end":{"line":10,"column":31}},"8":{"start":{"line":12,"column":0},"end":{"line":12,"column":16}},"9":{"start":{"line":19,"column":0},"end":{"line":19,"column":35}},"10":{"start":{"line":22,"column":16},"end":{"line":22,"column":39}},"11":{"start":{"line":24,"column":0},"end":{"line":24,"column":75}},"12":{"start":{"line":24,"column":22},"end":{"line":24,"column":73}},"13":{"start":{"line":27,"column":2},"end":{"line":27,"column":34}},"14":{"start":{"line":28,"column":2},"end":{"line":28,"column":30}},"15":{"start":{"line":31,"column":12},"end":{"line":31,"column":21}},"16":{"start":{"line":37,"column":23},"end":{"line":42,"column":1}},"17":{"start":{"line":44,"column":20},"end":{"line":55,"column":1}},"18":{"start":{"line":46,"column":4},"end":{"line":50,"column":5}},"19":{"start":{"line":47,"column":6},"end":{"line":47,"column":27}},"20":{"start":{"line":49,"column":6},"end":{"line":49,"column":49}},"21":{"start":{"line":57,"column":0},"end":{"line":57,"column":27}},"22":{"start":{"line":61,"column":0},"end":{"line":61,"column":36}},"23":{"start":{"line":63,"column":0},"end":{"line":63,"column":24}},"24":{"start":{"line":66,"column":0},"end":{"line":68,"column":3}},"25":{"start":{"line":67,"column":2},"end":{"line":67,"column":26}},"26":{"start":{"line":88,"column":0},"end":{"line":95,"column":3}},"27":{"start":{"line":89,"column":2},"end":{"line":94,"column":3}},"28":{"start":{"line":90,"column":18},"end":{"line":90,"column":60}},"29":{"start":{"line":91,"column":4},"end":{"line":91,"column":36}},"30":{"start":{"line":93,"column":4},"end":{"line":93,"column":47}},"31":{"start":{"line":110,"column":0},"end":{"line":126,"column":3}},"32":{"start":{"line":112,"column":4},"end":{"line":125,"column":3}},"33":{"start":{"line":113,"column":39},"end":{"line":113,"column":47}},"34":{"start":{"line":115,"column":20},"end":{"line":119,"column":6}},"35":{"start":{"line":121,"column":4},"end":{"line":121,"column":25}},"36":{"start":{"line":122,"column":4},"end":{"line":122,"column":41}},"37":{"start":{"line":124,"column":4},"end":{"line":124,"column":47}},"38":{"start":{"line":128,"column":0},"end":{"line":128,"column":26}},"39":{"start":{"line":134,"column":0},"end":{"line":134,"column":62}},"40":{"start":{"line":137,"column":0},"end":{"line":137,"column":21}}},"fnMap":{"0":{"name":"(anonymous_0)","decl":{"start":{"line":24,"column":13},"end":{"line":24,"column":14}},"loc":{"start":{"line":24,"column":22},"end":{"line":24,"column":73}},"line":24},"1":{"name":"main","decl":{"start":{"line":26,"column":15},"end":{"line":26,"column":19}},"loc":{"start":{"line":26,"column":22},"end":{"line":29,"column":1}},"line":26},"2":{"name":"(anonymous_2)","decl":{"start":{"line":45,"column":10},"end":{"line":45,"column":11}},"loc":{"start":{"line":45,"column":38},"end":{"line":51,"column":3}},"line":45},"3":{"name":"(anonymous_3)","decl":{"start":{"line":66,"column":13},"end":{"line":66,"column":14}},"loc":{"start":{"line":66,"column":27},"end":{"line":68,"column":1}},"line":66},"4":{"name":"(anonymous_4)","decl":{"start":{"line":88,"column":16},"end":{"line":88,"column":17}},"loc":{"start":{"line":88,"column":36},"end":{"line":95,"column":1}},"line":88},"5":{"name":"(anonymous_5)","decl":{"start":{"line":110,"column":17},"end":{"line":110,"column":18}},"loc":{"start":{"line":110,"column":37},"end":{"line":126,"column":1}},"line":110}},"branchMap":{"0":{"loc":{"start":{"line":46,"column":4},"end":{"line":50,"column":5}},"type":"if","locations":[{"start":{"line":46,"column":4},"end":{"line":50,"column":5}},{"start":{"line":48,"column":11},"end":{"line":50,"column":5}}],"line":46},"1":{"loc":{"start":{"line":46,"column":8},"end":{"line":46,"column":50}},"type":"binary-expr","locations":[{"start":{"line":46,"column":8},"end":{"line":46,"column":15}},{"start":{"line":46,"column":19},"end":{"line":46,"column":50}}],"line":46}},"s":{"0":2,"1":2,"2":2,"3":2,"4":2,"5":2,"6":2,"7":2,"8":2,"9":2,"10":2,"11":2,"12":0,"13":2,"14":1,"15":2,"16":2,"17":2,"18":3,"19":3,"20":0,"21":2,"22":2,"23":2,"24":2,"25":1,"26":2,"27":1,"28":1,"29":1,"30":0,"31":2,"32":1,"33":1,"34":1,"35":1,"36":1,"37":0,"38":2,"39":2,"40":2},"f":{"0":0,"1":2,"2":3,"3":1,"4":1,"5":1},"b":{"0":[3,0],"1":[3,0]},"_coverageSchema":"1a1c01bbd47fc00a2c39e90264f33305004495a9","hash":"98f03b398bf3508750ca3c25660b5f02470b1142"}
,"C:\\Users\\Anna\\Desktop\\cicd_projet_groupe\\swagger.js": {"path":"C:\\Users\\Anna\\Desktop\\cicd_projet_groupe\\swagger.js","statementMap":{"0":{"start":{"line":1,"column":21},"end":{"line":1,"column":45}},"1":{"start":{"line":2,"column":18},"end":{"line":2,"column":47}},"2":{"start":{"line":4,"column":16},"end":{"line":14,"column":1}},"3":{"start":{"line":16,"column":14},"end":{"line":16,"column":35}},"4":{"start":{"line":18,"column":0},"end":{"line":21,"column":2}}},"fnMap":{},"branchMap":{},"s":{"0":2,"1":2,"2":2,"3":2,"4":2},"f":{},"b":{},"_coverageSchema":"1a1c01bbd47fc00a2c39e90264f33305004495a9","hash":"540e467d24a889ed47cfda3c2e09e0ca868c428a"}
,"C:\\Users\\Anna\\Desktop\\cicd_projet_groupe\\models\\blogPost.js": {"path":"C:\\Users\\Anna\\Desktop\\cicd_projet_groupe\\models\\blogPost.js","statementMap":{"0":{"start":{"line":1,"column":17},"end":{"line":1,"column":36}},"1":{"start":{"line":2,"column":19},"end":{"line":2,"column":27}},"2":{"start":{"line":4,"column":23},"end":{"line":9,"column":2}},"3":{"start":{"line":11,"column":0},"end":{"line":11,"column":60}}},"fnMap":{},"branchMap":{},"s":{"0":1,"1":1,"2":1,"3":1},"f":{},"b":{},"_coverageSchema":"1a1c01bbd47fc00a2c39e90264f33305004495a9","hash":"7b90f4660f67c65afd8a314fd5a6d89167542b0b"}
,"C:\\Users\\Anna\\Desktop\\cicd_projet_groupe\\models\\user.js": {"path":"C:\\Users\\Anna\\Desktop\\cicd_projet_groupe\\models\\user.js","statementMap":{"0":{"start":{"line":1,"column":17},"end":{"line":1,"column":36}},"1":{"start":{"line":2,"column":19},"end":{"line":2,"column":27}},"2":{"start":{"line":4,"column":15},"end":{"line":7,"column":2}},"3":{"start":{"line":9,"column":0},"end":{"line":9,"column":48}}},"fnMap":{},"branchMap":{},"s":{"0":2,"1":2,"2":2,"3":2},"f":{},"b":{},"_coverageSchema":"1a1c01bbd47fc00a2c39e90264f33305004495a9","hash":"1c8dc337e219a8483bb3f0b89a5c17b29c8da571"}
}
