TN:
SF:app.js
FN:42,(anonymous_0)
FN:67,(anonymous_1)
FN:78,(anonymous_2)
FN:93,(anonymous_3)
FN:113,(anonymous_4)
FN:137,(anonymous_5)
FNF:6
FNH:6
FNDA:11,(anonymous_0)
FNDA:2,(anonymous_1)
FNDA:1,(anonymous_2)
FNDA:1,(anonymous_3)
FNDA:3,(anonymous_4)
FNDA:2,(anonymous_5)
DA:12,2
DA:13,2
DA:14,2
DA:16,2
DA:17,2
DA:18,2
DA:20,2
DA:22,2
DA:23,2
DA:29,2
DA:41,2
DA:43,11
DA:44,10
DA:46,1
DA:56,2
DA:60,2
DA:61,2
DA:67,2
DA:78,2
DA:79,1
DA:80,1
DA:81,1
DA:83,0
DA:93,2
DA:94,1
DA:95,1
DA:96,1
DA:98,0
DA:113,2
DA:114,3
DA:115,3
DA:116,3
DA:118,3
DA:119,1
DA:120,1
DA:121,1
DA:124,3
DA:125,2
DA:127,1
DA:137,2
DA:138,2
DA:139,2
DA:140,2
DA:145,2
DA:146,2
DA:148,0
DA:152,2
DA:163,2
DA:165,2
LF:49
LH:46
BRDA:43,0,0,10
BRDA:43,0,1,1
BRDA:43,1,0,11
BRDA:43,1,1,1
BRDA:118,2,0,1
BRDA:118,2,1,2
BRDA:120,3,0,0
BRDA:120,3,1,1
BRF:8
BRH:7
end_of_record
TN:
SF:swagger.js
FNF:0
FNH:0
DA:1,2
DA:2,2
DA:4,2
DA:16,2
DA:18,2
LF:5
LH:5
BRF:0
BRH:0
end_of_record
TN:
SF:models/blogPost.js
FNF:0
FNH:0
DA:1,2
DA:2,2
DA:4,2
DA:11,2
LF:4
LH:4
BRF:0
BRH:0
end_of_record
TN:
SF:models/user.js
FNF:0
FNH:0
DA:1,3
DA:2,3
DA:4,3
DA:9,3
LF:4
LH:4
BRF:0
BRH:0
end_of_record
