TN:
SF:app.js
FN:24,(anonymous_0)
FN:26,main
FN:45,(anonymous_2)
FN:66,(anonymous_3)
FN:88,(anonymous_4)
FN:110,(anonymous_5)
FNF:6
FNH:5
FNDA:0,(anonymous_0)
FNDA:2,main
FNDA:3,(anonymous_2)
FNDA:1,(anonymous_3)
FNDA:1,(anonymous_4)
FNDA:1,(anonymous_5)
DA:1,2
DA:2,2
DA:3,2
DA:4,2
DA:6,2
DA:7,2
DA:8,2
DA:10,2
DA:12,2
DA:19,2
DA:22,2
DA:24,2
DA:27,2
DA:28,1
DA:31,2
DA:37,2
DA:44,2
DA:46,3
DA:47,3
DA:49,0
DA:57,2
DA:61,2
DA:63,2
DA:66,2
DA:67,1
DA:88,2
DA:89,1
DA:90,1
DA:91,1
DA:93,0
DA:110,2
DA:112,1
DA:113,1
DA:115,1
DA:121,1
DA:122,1
DA:124,0
DA:128,2
DA:134,2
DA:137,2
LF:40
LH:37
BRDA:46,0,0,3
BRDA:46,0,1,0
BRDA:46,1,0,3
BRDA:46,1,1,0
BRF:4
BRH:2
end_of_record
TN:
SF:swagger.js
FNF:0
FNH:0
DA:1,2
DA:2,2
DA:4,2
DA:16,2
DA:18,2
LF:5
LH:5
BRF:0
BRH:0
end_of_record
TN:
SF:models\blogPost.js
FNF:0
FNH:0
DA:1,1
DA:2,1
DA:4,1
DA:11,1
LF:4
LH:4
BRF:0
BRH:0
end_of_record
TN:
SF:models\user.js
FNF:0
FNH:0
DA:1,2
DA:2,2
DA:4,2
DA:9,2
LF:4
LH:4
BRF:0
BRH:0
end_of_record
